$ make run
./main.elf
请输入第一个节点的值，-1表示没有叶节点：
12
输入12节点的左子节点
3
输入3节点的左子节点
1
输入1节点的左子节点
-1
输入1节点的右子节点
12
输入12节点的左子节点
-1
输入12节点的右子节点
-1
输入3节点的右子节点
10
输入10节点的左子节点
35
输入35节点的左子节点
-1
输入35节点的右子节点
-1
输入10节点的右子节点
-1
输入12节点的右子节点
4
输入4节点的左子节点
99
输入99节点的左子节点
-1
输入99节点的右子节点
42
输入42节点的左子节点
13
输入13节点的左子节点
34
输入34节点的左子节点
-1
输入34节点的右子节点
-1
输入13节点的右子节点
-1
输入42节点的右子节点
5
输入5节点的左子节点
-1
输入5节点的右子节点
58
输入58节点的左子节点
79
输入79节点的左子节点
-1
输入79节点的右子节点
-1
输入58节点的右子节点
-1
输入4节点的右子节点
-1
先序遍历二叉树：12 3 1 12 10 35 4 99 42 13 34 5 58 79
中序遍历二叉树：3 1 12 10 35 12 4 99 42 13 34 5 58 79
后续遍历二叉树：3 1 12 10 35 4 99 42 13 34 5 58 79 12
层次遍历二叉树：12 3 4 1 10 99 12 35 42 13 5 34 58 79
/* 注释掉printf打印结果 */
树的深度为：7
树的宽度为：3
叶子节点个数:4
/* 含有printf打印结果 */
0-1 1-2 2-3 3-3 4-2 5-2 6-1
树的宽度为：3
叶子节点个数:4